[23:42:00] [Server thread/INFO]: Starting minecraft server version 1.7.10
[23:42:43] [Server thread/INFO]: Loading properties
[23:42:43] [Server thread/INFO]: Default game type: SURVIVAL
[23:42:43] [Server thread/INFO]: Generating keypair
[23:42:43] [Server thread/INFO]: Starting Minecraft server on *:25565
[23:43:04] [Server thread/INFO]: Preparing level "world"
[23:43:15] [Server thread/INFO]: Preparing start region for level 0
[23:43:16] [Server thread/INFO]: Done (11,721s)! For help, type "help" or "?"
[23:45:31] [User Authenticator #1/INFO]: UUID of player Sky_Dragonsz is 9cf02971-303d-4329-b88c-fa56179bdd67
[23:45:32] [Server thread/INFO]: Sky_Dragonsz lost connection: TextComponent{text='Disconnected', siblings=[], style=Style{hasParent=false, color=null, bold=null, italic=null, underlined=null, obfuscated=null, clickEvent=null, hoverEvent=null}}
[23:45:32] [Server thread/INFO]: Sky_Dragonsz left the game
[23:48:36] [User Authenticator #2/INFO]: UUID of player Sky_Dragonsz is 9cf02971-303d-4329-b88c-fa56179bdd67
[23:48:36] [Server thread/INFO]: Sky_Dragonsz[/127.0.0.1:5471] logged in with entity id 113 at (157.5, 77.0, 259.5)
[23:48:36] [Server thread/INFO]: Sky_Dragonsz joined the game
[23:49:27] [Server thread/INFO]: Opped sky_dragonsz
[23:49:40] [Server thread/INFO]: [Sky_Dragonsz: Set own game mode to Creative Mode]
[23:49:44] [Server thread/INFO]: Sky_Dragonsz has just earned the achievement [Taking Inventory]
[23:52:23] [Server thread/INFO]: [Sky_Dragonsz: Given [Ender Amethyst Shovel Head] * 64 to Sky_Dragonsz]
[23:52:53] [Server thread/INFO]: Sky_Dragonsz lost connection: TextComponent{text='Disconnected', siblings=[], style=Style{hasParent=false, color=null, bold=null, italic=null, underlined=null, obfuscated=null, clickEvent=null, hoverEvent=null}}
[23:52:53] [Server thread/INFO]: Sky_Dragonsz left the game
[23:53:12] [Server Shutdown Thread/INFO]: Stopping server
