ERROR: system: AutoSpawner is already defined in that package
ERROR: system: AutoSpawner is already defined in that package
INFO: Adding minetweaker command mfr
ERROR: 2.2.2E-v7.zs:13: Could not resolve <liquid : biodiesel>
ERROR: 2.2.2E-v7.zs:87: Could not resolve <ImmersiveEngineering : stoneDecoration : 3>
ERROR: 2.2.2E-v7.zs:88: Could not resolve <ImmersiveEngineering : material : 6>
ERROR: 2.2.2E-v7.zs:89: Could not resolve <ImmersiveEngineering : stoneDecoration : 3>
ERROR: 2.2.2E-v7.zs:99: Could not resolve <Natura : Rare Tree : 2>
ERROR: 2.2.2E-v7.zs:100: Could not resolve <Natura : Rare Tree : 2>
ERROR: 2.2.2E-v7.zs:100: Could not resolve <Natura : planks : 8>
ERROR: 2.2.2E-v7.zs:114: Could not resolve <liquid : bioethanol>
ERROR: 2.2.2E-v7.zs:114: Could not resolve <liquid : biodiesel>
ERROR: 2.2.2E-v7.zs:114: Could not resolve <liquid : biodiesel>
ERROR: 2.2.2E-v7.zs:115: Could not resolve <liquid : biodiesel>
ERROR: 2.2.2E-v7.zs:115: Could not resolve <liquid : bioethanol>
ERROR: 2.2.2E-v7.zs:115: Could not resolve <liquid : bioethanol>
ERROR: 2.2.2E-v7.zs:13 > could not find SemiFluidGenerator
ERROR: Error executing 2.2.2E-v7.zs: 1
java.lang.ArrayIndexOutOfBoundsException: 1
	at stanhebben.zenscript.type.natives.JavaMethod.rematch(JavaMethod.java:152)
	at stanhebben.zenscript.expression.ExpressionCallVirtual.<init>(ExpressionCallVirtual.java:37)
	at stanhebben.zenscript.type.ZenTypeAny.call(ZenTypeAny.java:201)
	at stanhebben.zenscript.expression.Expression.call(Expression.java:81)
	at stanhebben.zenscript.parser.expression.ParsedExpressionCall.compile(ParsedExpressionCall.java:42)
	at stanhebben.zenscript.statements.StatementExpression.compile(StatementExpression.java:19)
	at stanhebben.zenscript.ZenModule.compileScripts(ZenModule.java:124)
	at minetweaker.runtime.MTTweaker.load(MTTweaker.java:153)
	at minetweaker.MineTweakerImplementationAPI.reload(MineTweakerImplementationAPI.java:624)
	at minetweaker.mc1710.network.MineTweakerLoadScriptsHandler.onMessage(MineTweakerLoadScriptsHandler.java:28)
	at minetweaker.mc1710.network.MineTweakerLoadScriptsHandler.onMessage(MineTweakerLoadScriptsHandler.java:21)
	at cpw.mods.fml.common.network.simpleimpl.SimpleChannelHandlerWrapper.channelRead0(SimpleChannelHandlerWrapper.java:37)
	at cpw.mods.fml.common.network.simpleimpl.SimpleChannelHandlerWrapper.channelRead0(SimpleChannelHandlerWrapper.java:17)
	at io.netty.channel.SimpleChannelInboundHandler.channelRead(SimpleChannelInboundHandler.java:98)
	at io.netty.channel.DefaultChannelHandlerContext.invokeChannelRead(DefaultChannelHandlerContext.java:337)
	at io.netty.channel.DefaultChannelHandlerContext.fireChannelRead(DefaultChannelHandlerContext.java:323)
	at io.netty.channel.SimpleChannelInboundHandler.channelRead(SimpleChannelInboundHandler.java:101)
	at io.netty.channel.DefaultChannelHandlerContext.invokeChannelRead(DefaultChannelHandlerContext.java:337)
	at io.netty.channel.DefaultChannelHandlerContext.fireChannelRead(DefaultChannelHandlerContext.java:323)
	at io.netty.channel.SimpleChannelInboundHandler.channelRead(SimpleChannelInboundHandler.java:101)
	at io.netty.channel.DefaultChannelHandlerContext.invokeChannelRead(DefaultChannelHandlerContext.java:337)
	at io.netty.channel.DefaultChannelHandlerContext.fireChannelRead(DefaultChannelHandlerContext.java:323)
	at io.netty.handler.codec.MessageToMessageDecoder.channelRead(MessageToMessageDecoder.java:103)
	at io.netty.handler.codec.MessageToMessageCodec.channelRead(MessageToMessageCodec.java:111)
	at io.netty.channel.DefaultChannelHandlerContext.invokeChannelRead(DefaultChannelHandlerContext.java:337)
	at io.netty.channel.DefaultChannelHandlerContext.fireChannelRead(DefaultChannelHandlerContext.java:323)
	at io.netty.channel.DefaultChannelPipeline.fireChannelRead(DefaultChannelPipeline.java:785)
	at io.netty.channel.embedded.EmbeddedChannel.writeInbound(EmbeddedChannel.java:169)
	at cpw.mods.fml.common.network.internal.FMLProxyPacket.func_148833_a(FMLProxyPacket.java:77)
	at net.minecraft.network.NetworkManager.func_74428_b(NetworkManager.java:212)
	at net.minecraft.client.multiplayer.GuiConnecting.func_73876_c(SourceFile:78)
	at net.minecraft.client.Minecraft.func_71407_l(Minecraft.java:1661)
	at net.minecraft.client.Minecraft.func_71411_J(Minecraft.java:973)
	at net.minecraft.client.Minecraft.func_99999_d(Minecraft.java:898)
	at net.minecraft.client.main.Main.main(SourceFile:148)
	at sun.reflect.NativeMethodAccessorImpl.invoke0(Native Method)
	at sun.reflect.NativeMethodAccessorImpl.invoke(NativeMethodAccessorImpl.java:62)
	at sun.reflect.DelegatingMethodAccessorImpl.invoke(DelegatingMethodAccessorImpl.java:43)
	at java.lang.reflect.Method.invoke(Method.java:483)
	at net.minecraft.launchwrapper.Launch.launch(Launch.java:135)
	at net.minecraft.launchwrapper.Launch.main(Launch.java:28)
INFO: Removing minetweaker command mfr
INFO: Adding minetweaker command mfr
INFO: Adding recipe for itemEngineBoost.name
INFO: Adding recipe for itemCoolingCore.name
INFO: Removing recipe for itemCoolingCore.name
INFO: Removing recipe for itemEngineBoost.name
INFO: Removing minetweaker command mfr
INFO: Adding minetweaker command mfr
INFO: Translating itemEngineBoost.name to Engine Booster
INFO: Adding recipe for Engine Booster
INFO: Adding recipe for itemCoolingCore.name
